<?xml version="1.0" encoding="UTF-8"?>
<!-- Generated by org.testng.reporters.JUnitXMLReporter -->
<testsuite hostname="ASDW0048" name="Default test" tests="1" failures="0" timestamp="22 Oct 2016 08:40:17 GMT" time="46.205" errors="0">
  <testcase name="@BeforeClass setUp" time="0.0" classname="com.qait.demo.tests.TestLevel1_SnapDeal_Selenium_Imported_From_IDE_Broken_Needs_To_Be_Fixed">
    <failure type="org.openqa.selenium.WebDriverException" message="Failed to connect to binary FirefoxBinary(C:\Program Files\Mozilla Firefox\firefox.exe) on port 7055; process output follows: 
updateURL&amp;quot;:null,&amp;quot;updateKey&amp;quot;:null,&amp;quot;optionsURL&amp;quot;:null,&amp;quot;optionsType&amp;quot;:null,&amp;quot;aboutURL&amp;quot;:null,&amp;quot;icons&amp;quot;:{&amp;quot;32&amp;quot;:&amp;quot;icon.png&amp;quot;,&amp;quot;48&amp;quot;:&amp;quot;icon.png&amp;quot;},&amp;quot;iconURL&amp;quot;:null,&amp;quot;icon64URL&amp;quot;:null,&amp;quot;defaultLocale&amp;quot;:{&amp;quot;name&amp;quot;:&amp;quot;Default&amp;quot;,&amp;quot;description&amp;quot;:&amp;quot;The default theme.&amp;quot;,&amp;quot;creator&amp;quot;:&amp;quot;Mozilla&amp;quot;,&amp;quot;homepageURL&amp;quot;:null,&amp;quot;contributors&amp;quot;:[&amp;quot;Mozilla Contributors&amp;quot;]},&amp;quot;visible&amp;quot;:true,&amp;quot;active&amp;quot;:true,&amp;quot;userDisabled&amp;quot;:false,&amp;quot;appDisabled&amp;quot;:false,&amp;quot;descriptor&amp;quot;:&amp;quot;C:\\Program Files\\Mozilla Firefox\\browser\\extensions\\{972ce4c6-7e08-4474-a285-3208198ce6fd}.xpi&amp;quot;,&amp;quot;installDate&amp;quot;:1477036274503,&amp;quot;updateDate&amp;quot;:1477036274503,&amp;quot;applyBackgroundUpdates&amp;quot;:1,&amp;quot;skinnable&amp;quot;:true,&amp;quot;size&amp;quot;:21905,&amp;quot;sourceURI&amp;quot;:null,&amp;quot;releaseNotesURI&amp;quot;:null,&amp;quot;softDisabled&amp;quot;:false,&amp;quot;foreignInstall&amp;quot;:false,&amp;quot;hasBinaryComponents&amp;quot;:false,&amp;quot;strictCompatibility&amp;quot;:true,&amp;quot;locales&amp;quot;:[],&amp;quot;targetApplications&amp;quot;:[{&amp;quot;id&amp;quot;:&amp;quot;{ec8030f7-c20a-464f-9b0e-13a3a9e97384}&amp;quot;,&amp;quot;minVersion&amp;quot;:&amp;quot;49.0.2&amp;quot;,&amp;quot;maxVersion&amp;quot;:&amp;quot;49.0.2&amp;quot;}],&amp;quot;targetPlatforms&amp;quot;:[],&amp;quot;seen&amp;quot;:true}
1477125573485	addons.xpi	DEBUG	getModTime: Recursive scan of {972ce4c6-7e08-4474-a285-3208198ce6fd}
1477125573487	DeferredSave.extensions.json	DEBUG	Save changes
1477125573487	addons.xpi	DEBUG	Updating database with changes to installed add-ons
1477125573487	addons.xpi-utils	DEBUG	Updating add-on states
1477125573488	addons.xpi-utils	DEBUG	Writing add-ons list
1477125573491	addons.xpi	DEBUG	Registering manifest for C:\Program Files\Mozilla Firefox\browser\features\e10srollout@mozilla.org.xpi
1477125573492	addons.xpi	DEBUG	Calling bootstrap method startup on e10srollout@mozilla.org version 1.3
1477125573492	addons.xpi	DEBUG	Registering manifest for C:\Program Files\Mozilla Firefox\browser\features\firefox@getpocket.com.xpi
1477125573493	addons.xpi	DEBUG	Calling bootstrap method startup on firefox@getpocket.com version 1.0.4
1477125573494	addons.xpi	DEBUG	Registering manifest for C:\Program Files\Mozilla Firefox\browser\features\webcompat@mozilla.org.xpi
1477125573495	addons.xpi	DEBUG	Calling bootstrap method startup on webcompat@mozilla.org version 1.0
1477125573497	addons.manager	DEBUG	Registering shutdown blocker for XPIProvider
1477125573497	addons.manager	DEBUG	Provider finished startup: XPIProvider
1477125573497	addons.manager	DEBUG	Starting provider: LightweightThemeManager
1477125573497	addons.manager	DEBUG	Registering shutdown blocker for LightweightThemeManager
1477125573497	addons.manager	DEBUG	Provider finished startup: LightweightThemeManager
1477125573498	addons.manager	DEBUG	Starting provider: GMPProvider
1477125573516	addons.manager	DEBUG	Registering shutdown blocker for GMPProvider
1477125573517	addons.manager	DEBUG	Provider finished startup: GMPProvider
1477125573517	addons.manager	DEBUG	Starting provider: PluginProvider
1477125573517	addons.manager	DEBUG	Registering shutdown blocker for PluginProvider
1477125573518	addons.manager	DEBUG	Provider finished startup: PluginProvider
1477125573518	addons.manager	DEBUG	Completed startup sequence
1477125574515	addons.manager	DEBUG	Starting provider: &amp;lt;unnamed-provider&amp;gt;
1477125574515	addons.manager	DEBUG	Registering shutdown blocker for &amp;lt;unnamed-provider&amp;gt;
1477125574515	addons.manager	DEBUG	Provider finished startup: &amp;lt;unnamed-provider&amp;gt;
1477125574980	DeferredSave.extensions.json	DEBUG	Write succeeded
1477125574980	addons.xpi-utils	DEBUG	XPI Database saved, setting schema version preference to 17
1477125574980	DeferredSave.extensions.json	DEBUG	Starting timer
1477125574995	addons.repository	DEBUG	No addons.json found.
1477125574996	DeferredSave.addons.json	DEBUG	Save changes
1477125574998	DeferredSave.addons.json	DEBUG	Starting timer
1477125575034	addons.manager	DEBUG	Starting provider: PreviousExperimentProvider
1477125575034	addons.manager	DEBUG	Registering shutdown blocker for PreviousExperimentProvider
1477125575034	addons.manager	DEBUG	Provider finished startup: PreviousExperimentProvider
1477125575040	DeferredSave.extensions.json	DEBUG	Starting write
1477125575066	DeferredSave.addons.json	DEBUG	Starting write
1477125575083	DeferredSave.extensions.json	DEBUG	Write succeeded
1477125575095	DeferredSave.addons.json	DEBUG	Write succeeded

Build info: version: &amp;apos;2.53.1&amp;apos;, revision: &amp;apos;a36b8b1cd5757287168e54b817830adce9b0158d&amp;apos;, time: &amp;apos;2016-06-30 19:26:09&amp;apos;
System info: host: &amp;apos;ASDW0048&amp;apos;, ip: &amp;apos;10.0.14.64&amp;apos;, os.name: &amp;apos;Windows 8.1&amp;apos;, os.arch: &amp;apos;x86&amp;apos;, os.version: &amp;apos;6.3&amp;apos;, java.version: &amp;apos;1.8.0_102&amp;apos;
Driver info: driver.version: FirefoxDriver">
      <![CDATA[org.openqa.selenium.WebDriverException: Failed to connect to binary FirefoxBinary(C:\Program Files\Mozilla Firefox\firefox.exe) on port 7055; process output follows: 
updateURL":null,"updateKey":null,"optionsURL":null,"optionsType":null,"aboutURL":null,"icons":{"32":"icon.png","48":"icon.png"},"iconURL":null,"icon64URL":null,"defaultLocale":{"name":"Default","description":"The default theme.","creator":"Mozilla","homepageURL":null,"contributors":["Mozilla Contributors"]},"visible":true,"active":true,"userDisabled":false,"appDisabled":false,"descriptor":"C:\\Program Files\\Mozilla Firefox\\browser\\extensions\\{972ce4c6-7e08-4474-a285-3208198ce6fd}.xpi","installDate":1477036274503,"updateDate":1477036274503,"applyBackgroundUpdates":1,"skinnable":true,"size":21905,"sourceURI":null,"releaseNotesURI":null,"softDisabled":false,"foreignInstall":false,"hasBinaryComponents":false,"strictCompatibility":true,"locales":[],"targetApplications":[{"id":"{ec8030f7-c20a-464f-9b0e-13a3a9e97384}","minVersion":"49.0.2","maxVersion":"49.0.2"}],"targetPlatforms":[],"seen":true}
1477125573485	addons.xpi	DEBUG	getModTime: Recursive scan of {972ce4c6-7e08-4474-a285-3208198ce6fd}
1477125573487	DeferredSave.extensions.json	DEBUG	Save changes
1477125573487	addons.xpi	DEBUG	Updating database with changes to installed add-ons
1477125573487	addons.xpi-utils	DEBUG	Updating add-on states
1477125573488	addons.xpi-utils	DEBUG	Writing add-ons list
1477125573491	addons.xpi	DEBUG	Registering manifest for C:\Program Files\Mozilla Firefox\browser\features\e10srollout@mozilla.org.xpi
1477125573492	addons.xpi	DEBUG	Calling bootstrap method startup on e10srollout@mozilla.org version 1.3
1477125573492	addons.xpi	DEBUG	Registering manifest for C:\Program Files\Mozilla Firefox\browser\features\firefox@getpocket.com.xpi
1477125573493	addons.xpi	DEBUG	Calling bootstrap method startup on firefox@getpocket.com version 1.0.4
1477125573494	addons.xpi	DEBUG	Registering manifest for C:\Program Files\Mozilla Firefox\browser\features\webcompat@mozilla.org.xpi
1477125573495	addons.xpi	DEBUG	Calling bootstrap method startup on webcompat@mozilla.org version 1.0
1477125573497	addons.manager	DEBUG	Registering shutdown blocker for XPIProvider
1477125573497	addons.manager	DEBUG	Provider finished startup: XPIProvider
1477125573497	addons.manager	DEBUG	Starting provider: LightweightThemeManager
1477125573497	addons.manager	DEBUG	Registering shutdown blocker for LightweightThemeManager
1477125573497	addons.manager	DEBUG	Provider finished startup: LightweightThemeManager
1477125573498	addons.manager	DEBUG	Starting provider: GMPProvider
1477125573516	addons.manager	DEBUG	Registering shutdown blocker for GMPProvider
1477125573517	addons.manager	DEBUG	Provider finished startup: GMPProvider
1477125573517	addons.manager	DEBUG	Starting provider: PluginProvider
1477125573517	addons.manager	DEBUG	Registering shutdown blocker for PluginProvider
1477125573518	addons.manager	DEBUG	Provider finished startup: PluginProvider
1477125573518	addons.manager	DEBUG	Completed startup sequence
1477125574515	addons.manager	DEBUG	Starting provider: <unnamed-provider>
1477125574515	addons.manager	DEBUG	Registering shutdown blocker for <unnamed-provider>
1477125574515	addons.manager	DEBUG	Provider finished startup: <unnamed-provider>
1477125574980	DeferredSave.extensions.json	DEBUG	Write succeeded
1477125574980	addons.xpi-utils	DEBUG	XPI Database saved, setting schema version preference to 17
1477125574980	DeferredSave.extensions.json	DEBUG	Starting timer
1477125574995	addons.repository	DEBUG	No addons.json found.
1477125574996	DeferredSave.addons.json	DEBUG	Save changes
1477125574998	DeferredSave.addons.json	DEBUG	Starting timer
1477125575034	addons.manager	DEBUG	Starting provider: PreviousExperimentProvider
1477125575034	addons.manager	DEBUG	Registering shutdown blocker for PreviousExperimentProvider
1477125575034	addons.manager	DEBUG	Provider finished startup: PreviousExperimentProvider
1477125575040	DeferredSave.extensions.json	DEBUG	Starting write
1477125575066	DeferredSave.addons.json	DEBUG	Starting write
1477125575083	DeferredSave.extensions.json	DEBUG	Write succeeded
1477125575095	DeferredSave.addons.json	DEBUG	Write succeeded

Build info: version: '2.53.1', revision: 'a36b8b1cd5757287168e54b817830adce9b0158d', time: '2016-06-30 19:26:09'
System info: host: 'ASDW0048', ip: '10.0.14.64', os.name: 'Windows 8.1', os.arch: 'x86', os.version: '6.3', java.version: '1.8.0_102'
Driver info: driver.version: FirefoxDriver
	at org.openqa.selenium.firefox.internal.NewProfileExtensionConnection.start(NewProfileExtensionConnection.java:125)
	at org.openqa.selenium.firefox.FirefoxDriver.startClient(FirefoxDriver.java:271)
	at org.openqa.selenium.remote.RemoteWebDriver.<init>(RemoteWebDriver.java:119)
	at org.openqa.selenium.firefox.FirefoxDriver.<init>(FirefoxDriver.java:216)
	at org.openqa.selenium.firefox.FirefoxDriver.<init>(FirefoxDriver.java:211)
	at org.openqa.selenium.firefox.FirefoxDriver.<init>(FirefoxDriver.java:207)
	at org.openqa.selenium.firefox.FirefoxDriver.<init>(FirefoxDriver.java:120)
	at com.qait.demo.tests.TestLevel1_SnapDeal_Selenium_Imported_From_IDE_Broken_Needs_To_Be_Fixed.setUp(TestLevel1_SnapDeal_Selenium_Imported_From_IDE_Broken_Needs_To_Be_Fixed.java:35)
	at sun.reflect.NativeMethodAccessorImpl.invoke0(Native Method)
	at sun.reflect.NativeMethodAccessorImpl.invoke(Unknown Source)
	at sun.reflect.DelegatingMethodAccessorImpl.invoke(Unknown Source)
	at java.lang.reflect.Method.invoke(Unknown Source)
	at org.testng.internal.MethodInvocationHelper.invokeMethod(MethodInvocationHelper.java:84)
	at org.testng.internal.Invoker.invokeConfigurationMethod(Invoker.java:564)
	at org.testng.internal.Invoker.invokeConfigurations(Invoker.java:213)
	at org.testng.internal.Invoker.invokeConfigurations(Invoker.java:138)
	at org.testng.internal.TestMethodWorker.invokeBeforeClassMethods(TestMethodWorker.java:175)
	at org.testng.internal.TestMethodWorker.run(TestMethodWorker.java:107)
	at org.testng.TestRunner.privateRun(TestRunner.java:767)
	at org.testng.TestRunner.run(TestRunner.java:617)
	at org.testng.SuiteRunner.runTest(SuiteRunner.java:334)
	at org.testng.SuiteRunner.runSequentially(SuiteRunner.java:329)
	at org.testng.SuiteRunner.privateRun(SuiteRunner.java:291)
	at org.testng.SuiteRunner.run(SuiteRunner.java:240)
	at org.testng.SuiteRunnerWorker.runSuite(SuiteRunnerWorker.java:52)
	at org.testng.SuiteRunnerWorker.run(SuiteRunnerWorker.java:86)
	at org.testng.TestNG.runSuitesSequentially(TestNG.java:1224)
	at org.testng.TestNG.runSuitesLocally(TestNG.java:1149)
	at org.testng.TestNG.run(TestNG.java:1057)
	at org.testng.remote.AbstractRemoteTestNG.run(AbstractRemoteTestNG.java:132)
	at org.testng.remote.RemoteTestNG.initAndRun(RemoteTestNG.java:236)
	at org.testng.remote.RemoteTestNG.main(RemoteTestNG.java:81)
Caused by: org.openqa.selenium.firefox.NotConnectedException: Unable to connect to host 127.0.0.1 on port 7055 after 45000 ms. Firefox console output:
updateURL":null,"updateKey":null,"optionsURL":null,"optionsType":null,"aboutURL":null,"icons":{"32":"icon.png","48":"icon.png"},"iconURL":null,"icon64URL":null,"defaultLocale":{"name":"Default","description":"The default theme.","creator":"Mozilla","homepageURL":null,"contributors":["Mozilla Contributors"]},"visible":true,"active":true,"userDisabled":false,"appDisabled":false,"descriptor":"C:\\Program Files\\Mozilla Firefox\\browser\\extensions\\{972ce4c6-7e08-4474-a285-3208198ce6fd}.xpi","installDate":1477036274503,"updateDate":1477036274503,"applyBackgroundUpdates":1,"skinnable":true,"size":21905,"sourceURI":null,"releaseNotesURI":null,"softDisabled":false,"foreignInstall":false,"hasBinaryComponents":false,"strictCompatibility":true,"locales":[],"targetApplications":[{"id":"{ec8030f7-c20a-464f-9b0e-13a3a9e97384}","minVersion":"49.0.2","maxVersion":"49.0.2"}],"targetPlatforms":[],"seen":true}
1477125573485	addons.xpi	DEBUG	getModTime: Recursive scan of {972ce4c6-7e08-4474-a285-3208198ce6fd}
1477125573487	DeferredSave.extensions.json	DEBUG	Save changes
1477125573487	addons.xpi	DEBUG	Updating database with changes to installed add-ons
1477125573487	addons.xpi-utils	DEBUG	Updating add-on states
1477125573488	addons.xpi-utils	DEBUG	Writing add-ons list
1477125573491	addons.xpi	DEBUG	Registering manifest for C:\Program Files\Mozilla Firefox\browser\features\e10srollout@mozilla.org.xpi
1477125573492	addons.xpi	DEBUG	Calling bootstrap method startup on e10srollout@mozilla.org version 1.3
1477125573492	addons.xpi	DEBUG	Registering manifest for C:\Program Files\Mozilla Firefox\browser\features\firefox@getpocket.com.xpi
1477125573493	addons.xpi	DEBUG	Calling bootstrap method startup on firefox@getpocket.com version 1.0.4
1477125573494	addons.xpi	DEBUG	Registering manifest for C:\Program Files\Mozilla Firefox\browser\features\webcompat@mozilla.org.xpi
1477125573495	addons.xpi	DEBUG	Calling bootstrap method startup on webcompat@mozilla.org version 1.0
1477125573497	addons.manager	DEBUG	Registering shutdown blocker for XPIProvider
1477125573497	addons.manager	DEBUG	Provider finished startup: XPIProvider
1477125573497	addons.manager	DEBUG	Starting provider: LightweightThemeManager
1477125573497	addons.manager	DEBUG	Registering shutdown blocker for LightweightThemeManager
1477125573497	addons.manager	DEBUG	Provider finished startup: LightweightThemeManager
1477125573498	addons.manager	DEBUG	Starting provider: GMPProvider
1477125573516	addons.manager	DEBUG	Registering shutdown blocker for GMPProvider
1477125573517	addons.manager	DEBUG	Provider finished startup: GMPProvider
1477125573517	addons.manager	DEBUG	Starting provider: PluginProvider
1477125573517	addons.manager	DEBUG	Registering shutdown blocker for PluginProvider
1477125573518	addons.manager	DEBUG	Provider finished startup: PluginProvider
1477125573518	addons.manager	DEBUG	Completed startup sequence
1477125574515	addons.manager	DEBUG	Starting provider: <unnamed-provider>
1477125574515	addons.manager	DEBUG	Registering shutdown blocker for <unnamed-provider>
1477125574515	addons.manager	DEBUG	Provider finished startup: <unnamed-provider>
1477125574980	DeferredSave.extensions.json	DEBUG	Write succeeded
1477125574980	addons.xpi-utils	DEBUG	XPI Database saved, setting schema version preference to 17
1477125574980	DeferredSave.extensions.json	DEBUG	Starting timer
1477125574995	addons.repository	DEBUG	No addons.json found.
1477125574996	DeferredSave.addons.json	DEBUG	Save changes
1477125574998	DeferredSave.addons.json	DEBUG	Starting timer
1477125575034	addons.manager	DEBUG	Starting provider: PreviousExperimentProvider
1477125575034	addons.manager	DEBUG	Registering shutdown blocker for PreviousExperimentProvider
1477125575034	addons.manager	DEBUG	Provider finished startup: PreviousExperimentProvider
1477125575040	DeferredSave.extensions.json	DEBUG	Starting write
1477125575066	DeferredSave.addons.json	DEBUG	Starting write
1477125575083	DeferredSave.extensions.json	DEBUG	Write succeeded
1477125575095	DeferredSave.addons.json	DEBUG	Write succeeded

	at org.openqa.selenium.firefox.internal.NewProfileExtensionConnection.start(NewProfileExtensionConnection.java:113)
	... 31 more
]]>
    </failure>
  </testcase> <!-- @BeforeClass setUp -->
  <testcase name="@AfterClass tearDown" time="0.0" classname="com.qait.demo.tests.TestLevel1_SnapDeal_Selenium_Imported_From_IDE_Broken_Needs_To_Be_Fixed">
    <failure type="java.lang.NullPointerException">
      <![CDATA[java.lang.NullPointerException
	at com.qait.demo.tests.TestLevel1_SnapDeal_Selenium_Imported_From_IDE_Broken_Needs_To_Be_Fixed.tearDown(TestLevel1_SnapDeal_Selenium_Imported_From_IDE_Broken_Needs_To_Be_Fixed.java:54)
	at sun.reflect.NativeMethodAccessorImpl.invoke0(Native Method)
	at sun.reflect.NativeMethodAccessorImpl.invoke(Unknown Source)
	at sun.reflect.DelegatingMethodAccessorImpl.invoke(Unknown Source)
	at java.lang.reflect.Method.invoke(Unknown Source)
	at org.testng.internal.MethodInvocationHelper.invokeMethod(MethodInvocationHelper.java:84)
	at org.testng.internal.Invoker.invokeConfigurationMethod(Invoker.java:564)
	at org.testng.internal.Invoker.invokeConfigurations(Invoker.java:213)
	at org.testng.internal.Invoker.invokeConfigurations(Invoker.java:138)
	at org.testng.internal.TestMethodWorker.invokeAfterClassMethods(TestMethodWorker.java:225)
	at org.testng.internal.TestMethodWorker.run(TestMethodWorker.java:114)
	at org.testng.TestRunner.privateRun(TestRunner.java:767)
	at org.testng.TestRunner.run(TestRunner.java:617)
	at org.testng.SuiteRunner.runTest(SuiteRunner.java:334)
	at org.testng.SuiteRunner.runSequentially(SuiteRunner.java:329)
	at org.testng.SuiteRunner.privateRun(SuiteRunner.java:291)
	at org.testng.SuiteRunner.run(SuiteRunner.java:240)
	at org.testng.SuiteRunnerWorker.runSuite(SuiteRunnerWorker.java:52)
	at org.testng.SuiteRunnerWorker.run(SuiteRunnerWorker.java:86)
	at org.testng.TestNG.runSuitesSequentially(TestNG.java:1224)
	at org.testng.TestNG.runSuitesLocally(TestNG.java:1149)
	at org.testng.TestNG.run(TestNG.java:1057)
	at org.testng.remote.AbstractRemoteTestNG.run(AbstractRemoteTestNG.java:132)
	at org.testng.remote.RemoteTestNG.initAndRun(RemoteTestNG.java:236)
	at org.testng.remote.RemoteTestNG.main(RemoteTestNG.java:81)
]]>
    </failure>
  </testcase> <!-- @AfterClass tearDown -->
  <testcase name="testECommerceSite" time="0.002" classname="com.qait.demo.tests.TestLevel1_SnapDeal_Selenium_Imported_From_IDE_Broken_Needs_To_Be_Fixed">
    <skipped/>
  </testcase> <!-- testECommerceSite -->
</testsuite> <!-- Default test -->
